750
157 494
896
706
737 206
307 376
297 598
407 156
967 590
487 789
603 873
836
984 226
454 587
735 977
270 492
67 619
131 137
158 30
746
729
897 881
404
723
627
530
979 813
69 915
772
733
550
652
528 901
269 760
670 161
884 912
383 410
992
843
822
409 612
797 234
57 474
461 288
818 753
415 438
542 339
44 363
99 871
325
365 285
861 250
946 119
467
373 291
690
389
352
470 770
411
227 18
256 503
732
417 657
368 857
879 47
80 190
877
289 290
465 674
914
771
682
448
396
414 392
259 182
795 398
665 478
452 517
699 153
105 752
659 589
794 249
583 353
913
638
673 481
725
458 999
709 118
751 695
64 231
432 769
651 909
975
935
506
416
332
367
315
423
539
555
708
831
886
608 464
36 833
117 774
825 218
61 990
788 726
510 846
830
744 399
116 455
812
6 566
743
648
893
626
429
371 280
195 366
384 617
683 991
191 615
108 55
986
253 763
954
922
842
611
592
540
377
346
314
93 198
862 273
243 518
817 408
834 51
675 413
632 102
301
736
740 568
730
672
488
483
433
988 169
761
711 552
444 534
428 805
490 359
787
928 150
895
944
768
671
569
473
311
703 330
146 124
171 306
338 238
32 15
814 524
447 322
558 236
562 133
588
997
868 46
223 630
890
382 207
720 892
821
257 676
640
532
451
260
319
739
623
397
349
277
261
147 386
697 129
512 956
262 548
496 783
600 750
728
710 961
254
815
419 355
712
894 248
513 495
941 856
966
888
702
875
799
453
240
329
333
491
504
942
976
916 701
91 577
345 553
802
962
76 54
336 101
457
662 749
82 418
636 252
441
86 144
677
435
268
631 475
275
972
403 422
299
934 96
12 958
594
628 165
867
232
900
463
420
575
940 945
620 482
936
160 385
468
216
560
576
643 698
981 324
921
809
351
2 898
71 424
327 793
334
402 471
663
251
499
360
228
185 759
624 437
688
258
653 26
446
406
742
545 689
364
656
939
756
508
210
245
803
680
858 634
344 586
980 609
115 816
832 965
960 310
246 151
511 79
450
618 335
281
865
519
266 522
215 968
209
379
786
130 58
902 911
841 126
853 114
721 932
904 341
849
572 625
65 304
679
887
724
201
863
727
693
604
782 973
202
375 405
845
847 996
963
959
731 94
581 401
224 263
247
196
924
889
923
323
826
493
421
305
872 824
372 244
599 449
219
899
533
784
654
460
754
313
197
664 578
204 459
920 800
155 910
85 668
637 68
173 128
342
993 0
193
994
369
791
908
880
284
666 53
529 8
527 838
525 635
982 20
509
584
318 947
189
734
649
565
278
927 172
605
350 427
205
520
374
573 714
484 52
300
563 937
557
388 903
178
622 633
134 183
595 957
393
179
194
462
601 883
434 762
166
88 95
718
955
747
678
551
348
472
302
983
610
312
177
168 661
163 200
571 476
716 781
59 918
917
613
400
149
430
926
854
722
694
559
180 930
394 835
837 717
145
933
691
667
658
148
187
267
282
303
669
687
692
777
547 952
606
230
497
596
436
139
998
347
142
523 138
387
125
951
480
321 580
971
286
225
143 27
37 696
127
579 995
764
741
199 501
72 544
175 537
395 390
792
855
357
170
439
685 343
443 10
152 188
498 221
515
164
113
120
775
938
925
554
526
456
112
111
356
516
891 242
650
641
489
479
293
110
570
445 466
964
591
556
109
549
987
621
485
292
213
103
521 686
950
907
785
294
276
186
807
827
978
644
287
98
100
543 123
765 31
97 840
295 681
614
970
283
106
90
92
848
174
121
66 808
715 810
229
212
89
616
859
272
561
87
943 885
502
381
235
755
184
217
83
705 162
531
806 773
320
81
469 40
136
852
878
585 801
870
713
77
78
811
874
758 607
931
73
74
639
1000 919
953 49
70
535 337
719
440
574
567
905
844
823
948
839
63
477
140
62
505
779
50
358
233
239
60
331 104
241
48
309
378
536
745
776
214 985
906
757
597
864
929 974
45
370
851
828 684
829
804
42
43
181
296
989
159
39
41
211
354
850
707
798 796
208
38
738
264 866
141
316
660 84
646
766
645
35
425
265
154
34
486
876 882
391
361
969
629
75
790
500
442
29
28
602
546
176
255
25
704
778
279
860
820
949 700
24
767
23
271 426
564 237
22
222
514
19
328
21
298
135
16
17
647
538
13
14
431
11
541
203
819
9
7
655
5
4
780
167
3
869
1
362
192
412
326
507
274
593
122
107
56
220
380
308
33
132
748
317
642
340
