83
PAINT_LINE 9 4 9 16
PAINT_LINE 1 4 1 15
PAINT_SQUARE 5 1 1
PAINT_LINE 9 51 9 61
PAINT_LINE 0 8 0 12
PAINT_LINE 5 10 5 15
PAINT_LINE 5 16 8 16
PAINT_LINE 3 1 3 2
PAINT_LINE 7 1 7 2
PAINT_LINE 2 3 4 3
PAINT_LINE 4 52 4 61
PAINT_LINE 12 51 12 59
PAINT_LINE 9 22 9 31
PAINT_LINE 9 70 9 78
PAINT_LINE 2 14 2 15
PAINT_LINE 8 14 8 15
PAINT_LINE 2 4 2 5
PAINT_LINE 2 2 2 2
PAINT_LINE 8 2 8 2
PAINT_LINE 7 3 8 3
PAINT_SQUARE 6 60 1
PAINT_LINE 5 51 8 51
PAINT_LINE 11 51 11 52
PAINT_LINE 13 54 13 56
PAINT_LINE 10 60 10 61
PAINT_LINE 4 24 4 30
PAINT_LINE 5 17 8 17
PAINT_LINE 9 37 9 46
PAINT_LINE 4 71 4 76
PAINT_LINE 1 64 1 66
PAINT_LINE 6 79 6 79
PAINT_LINE 8 4 8 5
PAINT_LINE 8 59 8 61
PAINT_LINE 5 52 5 54
PAINT_LINE 11 58 11 59
PAINT_LINE 11 60 11 61
PAINT_LINE 5 24 5 25
PAINT_LINE 5 22 8 22
PAINT_LINE 5 31 8 31
PAINT_LINE 5 18 7 18
PAINT_LINE 4 38 4 44
PAINT_LINE 5 32 8 32
PAINT_LINE 6 47 8 47
PAINT_LINE 7 71 7 74
PAINT_LINE 5 70 8 70
PAINT_LINE 5 77 5 78
PAINT_SQUARE 3 65 1
PAINT_LINE 5 69 8 69
PAINT_LINE 6 52 6 52
PAINT_LINE 5 57 5 58
PAINT_LINE 10 59 10 59
PAINT_LINE 8 24 8 24
PAINT_LINE 5 29 5 30
PAINT_LINE 5 23 8 23
PAINT_LINE 6 21 8 21
PAINT_LINE 5 38 5 39
PAINT_LINE 5 37 8 37
PAINT_LINE 5 45 8 45
PAINT_LINE 5 36 8 36
PAINT_LINE 6 50 8 50
PAINT_LINE 5 71 5 72
PAINT_LINE 8 71 8 71
PAINT_LINE 5 75 5 76
PAINT_LINE 6 77 6 78
PAINT_SQUARE 6 65 1
PAINT_LINE 6 68 8 68
PAINT_LINE 8 52 8 52
PAINT_LINE 6 30 6 30
PAINT_LINE 5 19 6 19
PAINT_LINE 6 38 6 38
PAINT_LINE 5 43 5 44
PAINT_LINE 5 46 8 46
PAINT_LINE 6 33 7 33
PAINT_LINE 11 50 11 50
PAINT_LINE 6 74 6 74
PAINT_LINE 6 75 6 76
PAINT_LINE 8 77 8 77
PAINT_LINE 8 64 8 66
PAINT_LINE 8 30 8 30
PAINT_LINE 8 38 8 38
PAINT_LINE 8 44 8 44
PAINT_LINE 6 35 7 35
PAINT_LINE 9 64 9 66
