122
PAINT_SQUARE 20 32 11
PAINT_LINE 7 183 7 194
PAINT_SQUARE 33 170 1
PAINT_SQUARE 24 13 2
PAINT_SQUARE 15 123 6
PAINT_LINE 5 156 5 166
PAINT_LINE 8 156 8 166
PAINT_LINE 7 156 7 166
PAINT_LINE 35 169 35 172
PAINT_LINE 32 113 32 116
PAINT_LINE 32 172 34 172
PAINT_LINE 11 5 11 20
PAINT_LINE 27 20 27 20
PAINT_LINE 25 4 25 10
PAINT_SQUARE 24 18 2
PAINT_SQUARE 25 143 3
PAINT_SQUARE 17 68 4
PAINT_SQUARE 15 136 6
PAINT_LINE 6 156 6 166
PAINT_LINE 5 13 5 16
PAINT_LINE 5 187 5 194
PAINT_LINE 8 75 8 83
PAINT_LINE 8 183 8 186
PAINT_LINE 7 76 7 82
PAINT_LINE 36 169 36 172
PAINT_LINE 33 173 34 173
PAINT_LINE 9 16 9 20
PAINT_LINE 12 9 12 16
PAINT_LINE 23 10 24 10
PAINT_LINE 26 4 26 10
PAINT_LINE 29 123 29 149
PAINT_LINE 24 63 24 87
PAINT_LINE 25 173 25 191
PAINT_LINE 10 44 10 58
PAINT_LINE 13 44 13 57
PAINT_SQUARE 17 77 4
PAINT_SQUARE 14 161 5
PAINT_LINE 6 13 6 16
PAINT_LINE 6 187 6 194
PAINT_LINE 8 13 8 16
PAINT_LINE 7 13 7 16
PAINT_LINE 10 5 10 8
PAINT_LINE 9 5 9 8
PAINT_LINE 13 5 13 8
PAINT_LINE 30 44 30 63
PAINT_LINE 29 44 29 63
PAINT_LINE 29 169 29 190
PAINT_LINE 22 64 22 87
PAINT_LINE 25 44 25 63
PAINT_LINE 24 96 24 115
PAINT_LINE 22 156 22 166
PAINT_LINE 26 173 26 191
PAINT_LINE 25 147 25 149
PAINT_LINE 9 44 9 57
PAINT_LINE 11 44 11 58
PAINT_LINE 18 51 18 63
PAINT_SQUARE 17 99 3
PAINT_LINE 20 156 20 166
PAINT_SQUARE 12 146 3
PAINT_SQUARE 15 176 2
PAINT_LINE 10 17 10 20
PAINT_LINE 14 5 14 8
PAINT_LINE 13 11 13 12
PAINT_LINE 31 44 31 63
PAINT_LINE 30 113 30 116
PAINT_LINE 29 113 29 116
PAINT_LINE 23 64 23 87
PAINT_LINE 22 96 22 116
PAINT_LINE 26 44 26 63
PAINT_LINE 25 123 25 139
PAINT_LINE 23 156 23 166
PAINT_LINE 22 147 22 149
PAINT_LINE 27 173 27 191
PAINT_LINE 26 147 26 149
PAINT_LINE 12 44 12 58
PAINT_LINE 11 92 11 94
PAINT_LINE 17 52 17 63
PAINT_LINE 19 51 19 63
PAINT_LINE 13 82 13 87
PAINT_LINE 21 96 21 116
PAINT_SQUARE 16 84 2
PAINT_SQUARE 17 106 3
PAINT_LINE 21 156 21 166
PAINT_LINE 20 143 20 149
PAINT_SQUARE 17 144 1
PAINT_LINE 18 173 18 190
PAINT_LINE 14 173 17 173
PAINT_SQUARE 15 181 2
PAINT_LINE 31 113 31 116
PAINT_LINE 30 169 30 172
PAINT_LINE 23 96 23 116
PAINT_LINE 27 44 27 63
PAINT_LINE 26 123 26 139
PAINT_LINE 25 109 25 112
PAINT_LINE 24 156 24 166
PAINT_LINE 23 147 23 149
PAINT_LINE 28 173 28 191
PAINT_LINE 27 147 27 149
PAINT_LINE 12 91 12 95
PAINT_LINE 20 52 20 63
PAINT_LINE 13 93 13 94
PAINT_LINE 21 82 21 87
PAINT_LINE 19 82 19 87
PAINT_LINE 14 87 18 87
PAINT_SQUARE 17 113 3
PAINT_LINE 21 143 21 149
PAINT_LINE 19 143 19 149
PAINT_SQUARE 17 147 1
PAINT_SQUARE 15 186 2
PAINT_LINE 31 169 31 172
PAINT_LINE 28 44 28 63
PAINT_LINE 27 123 27 139
PAINT_LINE 26 109 26 112
PAINT_LINE 24 147 24 149
PAINT_LINE 28 147 28 149
PAINT_LINE 20 82 20 87
PAINT_LINE 16 149 18 149
PAINT_LINE 13 189 17 189
PAINT_LINE 28 123 28 139
PAINT_LINE 27 105 27 112
PAINT_LINE 13 190 17 190
PAINT_LINE 28 105 28 112
