103
PAINT_SQUARE 20 32 11
PAINT_SQUARE 24 13 2
PAINT_SQUARE 15 123 6
PAINT_LINE 11 5 11 20
PAINT_LINE 27 20 27 20
PAINT_LINE 25 4 25 10
PAINT_SQUARE 24 18 2
PAINT_SQUARE 27 125 2
PAINT_SQUARE 18 69 5
PAINT_SQUARE 15 136 6
PAINT_SQUARE 6 14 1
PAINT_LINE 12 9 12 16
PAINT_LINE 23 10 24 10
PAINT_LINE 26 4 26 10
PAINT_LINE 25 128 29 128
PAINT_LINE 10 44 10 58
PAINT_SQUARE 28 47 3
PAINT_LINE 13 44 13 57
PAINT_SQUARE 18 80 5
PAINT_SQUARE 27 132 2
PAINT_SQUARE 10 161 5
PAINT_LINE 8 13 8 15
PAINT_LINE 9 5 9 8
PAINT_LINE 9 16 9 20
PAINT_LINE 13 11 13 12
PAINT_LINE 13 5 13 8
PAINT_LINE 25 129 29 129
PAINT_LINE 9 44 9 57
PAINT_LINE 11 44 11 58
PAINT_SQUARE 28 54 3
PAINT_LINE 18 51 18 63
PAINT_SQUARE 18 100 4
PAINT_SQUARE 27 137 2
PAINT_SQUARE 20 160 4
PAINT_SQUARE 12 146 3
PAINT_SQUARE 15 176 2
PAINT_LINE 10 5 10 8
PAINT_LINE 5 16 8 16
PAINT_LINE 10 17 10 20
PAINT_LINE 14 5 14 8
PAINT_LINE 8 75 8 83
PAINT_LINE 12 44 12 58
PAINT_LINE 12 91 12 95
PAINT_LINE 24 63 24 87
PAINT_LINE 17 52 17 63
PAINT_LINE 19 51 19 63
PAINT_LINE 23 96 23 104
PAINT_LINE 13 86 23 86
PAINT_SQUARE 18 109 4
PAINT_SQUARE 23 141 1
PAINT_SQUARE 26 141 1
PAINT_LINE 16 165 24 165
PAINT_SQUARE 19 146 3
PAINT_LINE 7 183 7 194
PAINT_SQUARE 27 175 2
PAINT_LINE 14 173 17 173
PAINT_SQUARE 15 181 2
PAINT_LINE 7 76 7 82
PAINT_LINE 11 92 11 94
PAINT_LINE 25 63 31 63
PAINT_SQUARE 27 60 2
PAINT_LINE 24 96 24 115
PAINT_LINE 20 52 20 63
PAINT_LINE 13 87 23 87
PAINT_LINE 23 105 23 113
PAINT_LINE 14 114 23 114
PAINT_LINE 28 140 28 142
PAINT_LINE 16 166 24 166
PAINT_SQUARE 26 146 3
PAINT_LINE 5 187 5 194
PAINT_LINE 8 183 8 186
PAINT_LINE 18 173 18 177
PAINT_LINE 33 173 34 173
PAINT_SQUARE 30 170 1
PAINT_SQUARE 27 180 2
PAINT_SQUARE 15 186 2
PAINT_LINE 30 58 30 62
PAINT_SQUARE 26 110 1
PAINT_LINE 13 93 13 94
PAINT_LINE 14 115 23 115
PAINT_LINE 29 140 29 142
PAINT_LINE 6 187 6 194
PAINT_SQUARE 33 170 1
PAINT_LINE 29 172 31 172
PAINT_LINE 18 178 18 190
PAINT_SQUARE 27 185 2
PAINT_LINE 13 189 17 189
PAINT_LINE 31 58 31 62
PAINT_SQUARE 30 114 1
PAINT_LINE 27 105 27 108
PAINT_LINE 25 112 27 112
PAINT_LINE 14 116 23 116
PAINT_LINE 35 169 35 171
PAINT_LINE 32 172 36 172
PAINT_SQUARE 26 189 1
PAINT_LINE 13 190 17 190
PAINT_LINE 32 113 32 115
PAINT_LINE 28 105 28 112
PAINT_LINE 29 116 32 116
PAINT_LINE 36 169 36 171
PAINT_LINE 28 188 28 190
PAINT_LINE 25 191 28 191
PAINT_LINE 29 188 29 190
