124
PAINT_SQUARE 20 32 11
PAINT_SQUARE 24 13 2
PAINT_SQUARE 15 123 6
PAINT_SQUARE 6 14 1
PAINT_SQUARE 10 6 1
PAINT_SQUARE 24 18 2
PAINT_SQUARE 27 125 2
PAINT_SQUARE 18 69 5
PAINT_SQUARE 15 136 6
PAINT_LINE 8 13 8 15
PAINT_LINE 11 11 13 11
PAINT_LINE 13 5 13 7
PAINT_LINE 25 4 26 4
PAINT_LINE 23 10 26 10
PAINT_SQUARE 10 18 1
PAINT_LINE 27 20 27 20
PAINT_LINE 25 128 29 128
PAINT_LINE 24 64 24 74
PAINT_SQUARE 28 47 3
PAINT_SQUARE 18 80 5
PAINT_SQUARE 27 132 2
PAINT_SQUARE 10 161 5
PAINT_LINE 11 13 11 15
PAINT_LINE 11 12 13 12
PAINT_LINE 14 5 14 7
PAINT_LINE 11 10 12 10
PAINT_LINE 9 8 11 8
PAINT_LINE 5 16 9 16
PAINT_LINE 9 20 11 20
PAINT_LINE 25 129 29 129
PAINT_SQUARE 11 46 2
PAINT_SQUARE 28 54 3
PAINT_LINE 8 75 8 83
PAINT_LINE 24 75 24 85
PAINT_SQUARE 19 101 5
PAINT_SQUARE 27 137 2
PAINT_SQUARE 20 160 4
PAINT_SQUARE 12 146 3
PAINT_SQUARE 15 176 2
PAINT_LINE 12 13 12 15
PAINT_LINE 25 5 25 7
PAINT_LINE 13 8 14 8
PAINT_LINE 11 9 12 9
PAINT_LINE 11 16 12 16
PAINT_LINE 9 49 13 49
PAINT_SQUARE 11 53 2
PAINT_SQUARE 27 60 2
PAINT_LINE 7 76 7 82
PAINT_LINE 27 105 27 106
PAINT_LINE 13 86 24 86
PAINT_SQUARE 18 111 4
PAINT_SQUARE 23 141 1
PAINT_LINE 16 165 24 165
PAINT_SQUARE 19 146 3
PAINT_SQUARE 27 176 2
PAINT_SQUARE 30 170 1
PAINT_SQUARE 15 181 2
PAINT_LINE 26 5 26 7
PAINT_LINE 25 8 26 8
PAINT_LINE 25 9 26 9
PAINT_LINE 9 50 13 50
PAINT_SQUARE 18 53 1
PAINT_LINE 9 56 13 56
PAINT_SQUARE 18 59 1
PAINT_LINE 30 58 30 62
PAINT_LINE 24 63 31 63
PAINT_LINE 28 105 28 106
PAINT_LINE 13 87 24 87
PAINT_LINE 23 107 23 115
PAINT_LINE 14 116 23 116
PAINT_SQUARE 26 141 1
PAINT_LINE 16 166 24 166
PAINT_SQUARE 26 146 3
PAINT_LINE 18 174 18 178
PAINT_SQUARE 33 170 1
PAINT_LINE 29 172 36 172
PAINT_LINE 7 183 8 183
PAINT_SQUARE 27 181 2
PAINT_SQUARE 15 186 2
PAINT_LINE 20 52 20 54
PAINT_LINE 18 51 19 51
PAINT_LINE 17 55 20 55
PAINT_LINE 17 56 20 56
PAINT_LINE 9 57 13 57
PAINT_LINE 10 58 12 58
PAINT_LINE 20 58 20 60
PAINT_LINE 17 61 20 61
PAINT_LINE 31 58 31 62
PAINT_LINE 17 63 20 63
PAINT_LINE 12 91 12 95
PAINT_LINE 24 107 24 115
PAINT_LINE 29 116 32 116
PAINT_LINE 28 140 28 142
PAINT_LINE 35 169 35 171
PAINT_LINE 14 173 18 173
PAINT_LINE 18 179 18 183
PAINT_LINE 7 184 7 188
PAINT_SQUARE 27 186 2
PAINT_SQUARE 6 190 1
PAINT_LINE 17 57 20 57
PAINT_LINE 17 62 20 62
PAINT_LINE 11 92 11 94
PAINT_LINE 13 93 13 94
PAINT_SQUARE 26 110 1
PAINT_LINE 29 140 29 142
PAINT_LINE 36 169 36 171
PAINT_LINE 25 173 29 173
PAINT_LINE 5 187 5 188
PAINT_LINE 8 184 8 186
PAINT_LINE 18 184 18 188
PAINT_SQUARE 26 190 1
PAINT_SQUARE 6 193 1
PAINT_LINE 28 109 28 111
PAINT_LINE 27 107 27 108
PAINT_SQUARE 30 114 1
PAINT_LINE 33 173 34 173
PAINT_LINE 6 187 6 188
PAINT_LINE 13 189 18 189
PAINT_LINE 28 189 28 191
PAINT_LINE 28 107 28 108
PAINT_LINE 32 113 32 115
PAINT_LINE 25 112 28 112
PAINT_LINE 13 190 18 190
PAINT_LINE 29 189 29 190
