[0 1 1 1]
[0 2 1 0]
[2 1 0 0]
Case #1: 3
[0 4 2]
[4 2 2]
Case #2: 2
[0 1 1 1 1]
[0 2 2 0 0]
[2 2 0 0 0]
Case #3: 3
[0 2 2 2 2 2 2 2 2]
[0 3 3 3 3 1 1 1 1]
[0 4 4 4 4 0 0 0 0]
[4 4 4 4 0 0 0 0 0]
[4 4 4 0 0 0 0 0 0]
[4 4 0 0 0 0 0 0 0]
Case #4: 6
[0 2 2 2 2 1 1 1 1 1]
[0 3 3 3 3 1 0 0 0 0]
[0 4 4 3 2 0 0 0 0 0]
[4 4 3 2 0 0 0 0 0 0]
[4 3 2 0 0 0 0 0 0 0]
[3 2 0 0 0 0 0 0 0 0]
Case #5: 6
[0 4 3 3 1 1 1 1 1]
[0 5 4 4 2 0 0 0 0]
[5 4 4 2 0 0 0 0 0]
[4 4 2 0 0 0 0 0 0]
[4 2 0 0 0 0 0 0 0]
Case #6: 5
[0 3 2 1 1 1 1 1]
[0 4 3 2 1 0 0 0]
[4 3 2 1 0 0 0 0]
[3 2 1 0 0 0 0 0]
[2 1 0 0 0 0 0 0]
Case #7: 5
[0 3 3 2 2 2 2 2 2 2]
[0 4 4 3 3 2 1 1 1 1]
[4 4 3 3 2 1 1 1 1 0]
[4 3 3 2 1 1 1 1 0 0]
[4 4 4 3 1 0 0 0 0 0]
[4 4 3 1 0 0 0 0 0 0]
[4 3 1 0 0 0 0 0 0 0]
[3 1 0 0 0 0 0 0 0 0]
Case #8: 8
[0 4 3 2 2 2 2 2 2 1]
[0 5 4 3 3 2 1 1 1 0]
[5 4 3 3 2 1 1 1 0 0]
[4 3 3 2 1 1 1 0 0 0]
[3 3 2 1 1 1 0 0 0 0]
[3 2 1 1 1 0 0 0 0 0]
[2 1 1 1 0 0 0 0 0 0]
[1 1 1 0 0 0 0 0 0 0]
[1 2 0 0 0 0 0 0 0 0]
Case #9: 9
[0 4 3 3 3 3 2 2 1 1]
[0 5 4 4 4 3 1 1 0 0]
[5 4 4 4 3 1 1 0 0 0]
[4 4 4 3 1 1 0 0 0 0]
[4 4 3 1 1 0 0 0 0 0]
[4 3 1 1 0 0 0 0 0 0]
[3 1 1 0 0 0 0 0 0 0]
[3 2 0 0 0 0 0 0 0 0]
Case #10: 8
[0 6 6 6 6 6 5 2 2 2]
[6 6 6 6 6 5 2 2 2 2]
[6 7 7 7 7 4 1 1 1 2]
[6 8 8 8 8 3 0 0 0 2]
[6 9 9 8 7 2 0 0 0 2]
[9 9 8 7 2 0 0 0 0 0]
[9 8 7 2 0 0 0 0 0 0]
[8 7 2 0 0 0 0 0 0 0]
[7 2 0 0 0 0 0 0 0 0]
Case #11: 9
[0 2 2 2 2 2 2 2 2 1]
[0 3 3 3 3 2 1 1 1 0]
[0 4 4 4 4 1 0 0 0 0]
[4 4 4 4 1 0 0 0 0 0]
[4 4 4 1 0 0 0 0 0 0]
[4 4 1 0 0 0 0 0 0 0]
[4 1 0 0 0 0 0 0 0 0]
Case #12: 7
[0 4 4 4 4 4 4 4 4]
[0 5 5 5 5 3 3 3 3]
[0 6 6 6 6 2 2 2 2]
[0 7 7 7 7 1 1 1 1]
[0 8 8 8 8 0 0 0 0]
[8 8 8 8 0 0 0 0 0]
[8 8 8 0 0 0 0 0 0]
[8 8 0 0 0 0 0 0 0]
Case #13: 8
[0 4 4 2 1 1 1 1 1]
[0 5 5 3 2 0 0 0 0]
[5 5 3 2 0 0 0 0 0]
[5 3 2 0 0 0 0 0 0]
[3 2 0 0 0 0 0 0 0]
Case #14: 5
[0 5 5 4 3 3]
[5 5 4 3 3 3]
[5 4 3 3 3 0]
[4 3 3 3 0 0]
[3 3 3 0 0 0]
Case #15: 5
[0 3 2 1]
[3 2 1 1]
[2 1 1 0]
Case #16: 3
[0 3 1 1 1 1]
[0 4 2 1 0 0]
[4 2 1 0 0 0]
[2 1 0 0 0 0]
Case #17: 4
[0 4 4 4 3 3 3 3 2 1]
[4 4 4 3 3 3 3 2 1 1]
[4 5 5 4 4 2 2 1 0 1]
[5 5 4 4 2 2 1 0 0 0]
[5 4 4 2 2 1 0 0 0 0]
[4 4 2 2 1 0 0 0 0 0]
[4 2 2 1 0 0 0 0 0 0]
[2 2 1 0 0 0 0 0 0 0]
[2 1 0 0 0 0 0 0 0 0]
Case #18: 9
[0 1 1 1 1 1 1 1 1 1]
[0 2 2 2 2 1 0 0 0 0]
[0 3 3 2 1 0 0 0 0 0]
[3 3 2 1 0 0 0 0 0 0]
[3 2 1 0 0 0 0 0 0 0]
[2 1 0 0 0 0 0 0 0 0]
Case #19: 6
[0 5 5 5 5 5 5 5 5 5]
[0 6 6 6 6 5 4 4 4 4]
[6 6 6 6 5 4 4 4 4 0]
[6 6 6 5 4 4 4 4 0 0]
[6 6 5 4 4 4 4 0 0 0]
[6 5 4 4 4 4 0 0 0 0]
[5 4 4 4 4 0 0 0 0 0]
[4 4 4 4 0 0 0 0 0 0]
[4 4 4 0 0 0 0 0 0 0]
[4 4 0 0 0 0 0 0 0 0]
Case #20: 10
[0 4 4 4 2 2 2 1 1 1]
[0 5 5 5 3 2 1 0 0 0]
[0 6 6 6 2 1 0 0 0 0]
[6 6 6 2 1 0 0 0 0 0]
[6 6 2 1 0 0 0 0 0 0]
[6 2 1 0 0 0 0 0 0 0]
[2 1 0 0 0 0 0 0 0 0]
Case #21: 7
[0 5 5 4 3 2 1 1]
[5 5 4 3 2 1 1 1]
[5 4 3 2 1 1 1 0]
[4 3 2 1 1 1 0 0]
[3 2 1 1 1 0 0 0]
[2 1 1 1 0 0 0 0]
[1 1 1 0 0 0 0 0]
Case #22: 7
[0 3 3 3 3 2 1 1]
[0 4 4 4 3 1 0 0]
[4 4 4 3 1 0 0 0]
[4 4 3 1 0 0 0 0]
[4 3 1 0 0 0 0 0]
[3 1 0 0 0 0 0 0]
Case #23: 6
[0 3 3 3 3 3 3 3 3]
[0 4 4 4 4 2 2 2 2]
[4 4 4 4 2 2 2 2 0]
[4 5 5 5 2 1 1 1 0]
[4 6 6 6 2 0 0 0 0]
[6 6 6 2 0 0 0 0 0]
[6 6 2 0 0 0 0 0 0]
[6 2 0 0 0 0 0 0 0]
Case #24: 8
[0 5 5 3 3 1]
[5 5 3 3 1 1]
[5 3 3 1 1 0]
[3 3 1 1 0 0]
[3 1 1 0 0 0]
Case #25: 5
[0 4 4 4 2 2 2 2 2 1]
[0 5 5 5 3 2 1 1 1 0]
[0 6 6 6 4 1 0 0 0 0]
[6 6 6 4 1 0 0 0 0 0]
[6 6 4 1 0 0 0 0 0 0]
[6 4 1 0 0 0 0 0 0 0]
[4 1 0 0 0 0 0 0 0 0]
Case #26: 7
[0 1]
Case #27: 1
[0 3 2 2 1 1 1 1 1 1]
[0 4 3 3 2 1 0 0 0 0]
[4 3 3 2 1 0 0 0 0 0]
[3 3 2 1 0 0 0 0 0 0]
[3 2 1 0 0 0 0 0 0 0]
[2 1 0 0 0 0 0 0 0 0]
Case #28: 6
[0 2 2 2 2 2 2 1 1 1]
[0 3 3 3 3 2 1 0 0 0]
[0 4 4 4 2 1 0 0 0 0]
[0 5 5 4 1 0 0 0 0 0]
[5 5 4 1 0 0 0 0 0 0]
[5 4 1 0 0 0 0 0 0 0]
[4 1 0 0 0 0 0 0 0 0]
Case #29: 7
[0 4 4 4 4 4 4 4 4 4]
[0 5 5 5 5 4 3 3 3 3]
[5 5 5 5 4 3 3 3 3 0]
[5 5 5 4 3 3 3 3 0 0]
[5 5 4 3 3 3 3 0 0 0]
[5 6 5 4 2 2 2 0 0 0]
[6 5 4 2 2 0 0 0 0 0]
[5 4 2 2 0 0 0 0 0 0]
[4 2 2 0 0 0 0 0 0 0]
[ 4  3  2 -1  0  0  0  0  0  0]
[3 0 0 0 0 0 0 0 0 0]
[0 0 0 0 0 0 0 0 0 0]
